<?xml version="1.0" encoding="UTF-8"?>
<!-- Generated by org.testng.reporters.JUnitReportReporter -->
<testsuite skipped="0" hostname="DESKTOP-UA1PGAG" name="com.Cast.Vtiger.AdvanceSearchAndSearchWithDropdownOpportunityNameDropdowncontainstest" tests="1" failures="0" timestamp="12 Mar 2021 07:50:53 GMT" time="47.556" errors="0">
  <testcase name="createOpportunityWithContact5" time="47.556" classname="com.Cast.Vtiger.AdvanceSearchAndSearchWithDropdownOpportunityNameDropdowncontainstest"/>
</testsuite> <!-- com.Cast.Vtiger.AdvanceSearchAndSearchWithDropdownOpportunityNameDropdowncontainstest -->
