<?xml version="1.0" encoding="UTF-8"?>
<!-- Generated by org.testng.reporters.JUnitReportReporter -->
<testsuite skipped="0" hostname="DESKTOP-UA1PGAG" name="com.Cast.Vtiger.AdvanceSearchAndSearchWithDropdownOpportunityNameDropdownEqualstest" tests="1" failures="0" timestamp="12 Mar 2021 07:50:53 GMT" time="55.123" errors="0">
  <testcase name="createOpportunityWithContact1" time="55.123" classname="com.Cast.Vtiger.AdvanceSearchAndSearchWithDropdownOpportunityNameDropdownEqualstest"/>
</testsuite> <!-- com.Cast.Vtiger.AdvanceSearchAndSearchWithDropdownOpportunityNameDropdownEqualstest -->
