<?xml version="1.0" encoding="UTF-8"?>
<!-- Generated by org.testng.reporters.JUnitReportReporter -->
<testsuite skipped="0" hostname="DESKTOP-UA1PGAG" name="com.Cast.Vtiger.AdvanceSearchAndSearchWithDropdownOpportunityNameDropdownStartwithtest" tests="1" failures="0" timestamp="12 Mar 2021 07:50:53 GMT" time="47.833" errors="0">
  <testcase name="createOpportunityWithContact3" time="47.833" classname="com.Cast.Vtiger.AdvanceSearchAndSearchWithDropdownOpportunityNameDropdownStartwithtest"/>
</testsuite> <!-- com.Cast.Vtiger.AdvanceSearchAndSearchWithDropdownOpportunityNameDropdownStartwithtest -->
