<?xml version="1.0" encoding="UTF-8"?>
<!-- Generated by org.testng.reporters.JUnitXMLReporter -->
<testsuite hostname="DESKTOP-UA1PGAG" name="Test-Runner-1" tests="1" failures="0" timestamp="9 Mar 2021 17:59:45 GMT" time="168.989" errors="0">
  <testcase name="createOpportunityWithContact1" time="104.149" classname="com.Cast.Vtiger.AdvanceSearchAndSearchWithDropdownOpportunityNameDropdownEquals"/>
</testsuite> <!-- Test-Runner-1 -->
