<?xml version="1.0" encoding="UTF-8"?>
<!-- Generated by org.testng.reporters.JUnitXMLReporter -->
<testsuite hostname="DESKTOP-UA1PGAG" name="Test-Runner-5" tests="1" failures="0" timestamp="9 Mar 2021 17:59:47 GMT" time="170.686" errors="0">
  <testcase name="createOpportunityWithContact5" time="112.798" classname="com.Cast.Vtiger.AdvanceSearchAndSearchWithDropdownOpportunityNameDropdowncontains"/>
</testsuite> <!-- Test-Runner-5 -->
