<?xml version="1.0" encoding="UTF-8"?>
<!-- Generated by org.testng.reporters.JUnitXMLReporter -->
<testsuite hostname="DESKTOP-UA1PGAG" name="test-Firefox" tests="5" failures="0" timestamp="9 Mar 2021 19:16:04 GMT" time="325.088" errors="0">
  <testcase name="createOpportunityWithContact1" time="33.201" classname="com.Cast.Vtiger.AdvanceSearchAndSearchWithDropdownOpportunityNameDropdownEquals"/>
  <testcase name="createOpportunityWithContact4" time="31.472" classname="com.Cast.Vtiger.AdvanceSearchAndSearchWithDropdownOpportunityNameDropdownEndwith"/>
  <testcase name="createOpportunityWithContact2" time="27.452" classname="com.Cast.Vtiger.AdvanceSearchAndSearchWithDropdownOpportunityNameDropdownNotEquals"/>
  <testcase name="createOpportunityWithContact3" time="28.306" classname="com.Cast.Vtiger.AdvanceSearchAndSearchWithDropdownOpportunityNameDropdownStartwith"/>
  <testcase name="createOpportunityWithContact5" time="23.883" classname="com.Cast.Vtiger.AdvanceSearchAndSearchWithDropdownOpportunityNameDropdowncontains"/>
</testsuite> <!-- test-Firefox -->
