<?xml version="1.0" encoding="UTF-8"?>
<!-- Generated by org.testng.reporters.JUnitXMLReporter -->
<testsuite hostname="DESKTOP-UA1PGAG" name="Test-Runner-2" tests="1" failures="0" timestamp="9 Mar 2021 17:59:45 GMT" time="168.414" errors="0">
  <testcase name="createOpportunityWithContact4" time="102.197" classname="com.Cast.Vtiger.AdvanceSearchAndSearchWithDropdownOpportunityNameDropdownEndwith"/>
</testsuite> <!-- Test-Runner-2 -->
