<?xml version="1.0" encoding="UTF-8"?>
<!-- Generated by org.testng.reporters.JUnitXMLReporter -->
<testsuite hostname="DESKTOP-UA1PGAG" name="Test-Runner-3" tests="1" failures="0" timestamp="9 Mar 2021 17:59:45 GMT" time="168.515" errors="0">
  <testcase name="createOpportunityWithContact2" time="104.111" classname="com.Cast.Vtiger.AdvanceSearchAndSearchWithDropdownOpportunityNameDropdownNotEquals"/>
</testsuite> <!-- Test-Runner-3 -->
