<?xml version="1.0" encoding="UTF-8"?>
<!-- Generated by org.testng.reporters.JUnitXMLReporter -->
<testsuite hostname="DESKTOP-UA1PGAG" name="Test-Runner-4" tests="1" failures="0" timestamp="9 Mar 2021 17:59:45 GMT" time="168.993" errors="0">
  <testcase name="createOpportunityWithContact3" time="106.484" classname="com.Cast.Vtiger.AdvanceSearchAndSearchWithDropdownOpportunityNameDropdownStartwith"/>
</testsuite> <!-- Test-Runner-4 -->
