<?xml version="1.0" encoding="UTF-8"?>
<!-- Generated by org.testng.reporters.JUnitReportReporter -->
<testsuite skipped="0" hostname="DESKTOP-UA1PGAG" name="com.sdet.practice.CreateContactWithOrgp" tests="1" failures="0" timestamp="6 Mar 2021 14:17:42 GMT" time="53.745" errors="0">
  <testcase name="createorganizationWithcontact" time="53.745" classname="com.sdet.practice.CreateContactWithOrgp"/>
</testsuite> <!-- com.sdet.practice.CreateContactWithOrgp -->
