<?xml version="1.0" encoding="UTF-8"?>
<!-- Generated by org.testng.reporters.JUnitReportReporter -->
<testsuite skipped="0" hostname="DESKTOP-UA1PGAG" name="com.sdet.assign.Vtiger_Opportunity_TC_42" tests="1" failures="0" timestamp="8 Mar 2021 14:18:41 GMT" time="54.140" errors="0">
  <testcase name="createorganizationWithcontact" time="54.140" classname="com.sdet.assign.Vtiger_Opportunity_TC_42"/>
</testsuite> <!-- com.sdet.assign.Vtiger_Opportunity_TC_42 -->
