<?xml version="1.0" encoding="UTF-8"?>
<!-- Generated by org.testng.reporters.JUnitReportReporter -->
<testsuite skipped="0" hostname="DESKTOP-UA1PGAG" name="com.Cast.Vtiger1.CreateContactwithOrg" tests="1" failures="0" timestamp="9 Mar 2021 08:12:00 GMT" time="26.667" errors="0">
  <testcase name="createorganizationWithcontact" time="26.667" classname="com.Cast.Vtiger1.CreateContactwithOrg"/>
</testsuite> <!-- com.Cast.Vtiger1.CreateContactwithOrg -->
