<?xml version="1.0" encoding="UTF-8"?>
<!-- Generated by org.testng.reporters.JUnitReportReporter -->
<testsuite skipped="0" hostname="DESKTOP-UA1PGAG" name="com.sdet.practice.CreateContactwithOrg" tests="1" failures="0" timestamp="6 Mar 2021 12:18:24 GMT" time="32.425" errors="0">
  <testcase name="createorganizationWithcontact" time="32.425" classname="com.sdet.practice.CreateContactwithOrg"/>
</testsuite> <!-- com.sdet.practice.CreateContactwithOrg -->
