<?xml version="1.0" encoding="UTF-8"?>
<!-- Generated by org.testng.reporters.JUnitReportReporter -->
<testsuite skipped="0" hostname="DESKTOP-UA1PGAG" name="com.sdet.practice.DeleteContactp" tests="1" failures="0" timestamp="6 Mar 2021 15:39:15 GMT" time="48.582" errors="0">
  <testcase name="delete" time="48.582" classname="com.sdet.practice.DeleteContactp"/>
</testsuite> <!-- com.sdet.practice.DeleteContactp -->
