<?xml version="1.0" encoding="UTF-8"?>
<!-- Generated by org.testng.reporters.JUnitReportReporter -->
<testsuite skipped="2" hostname="DESKTOP-UA1PGAG" name="com.Cast.Vtiger.AdvanceSearchAndSearchWithDropdownOpportunityNameDropdowncontains" tests="2" failures="0" timestamp="9 Mar 2021 18:10:13 GMT" time="0.000" errors="0">
  <testcase name="createOpportunityWithContact5" time="0.000" classname="com.Cast.Vtiger.AdvanceSearchAndSearchWithDropdownOpportunityNameDropdowncontains">
    <skipped/>
  </testcase> <!-- createOpportunityWithContact5 -->
  <testcase name="createOpportunityWithContact5" time="0.000" classname="com.Cast.Vtiger.AdvanceSearchAndSearchWithDropdownOpportunityNameDropdowncontains">
    <skipped/>
  </testcase> <!-- createOpportunityWithContact5 -->
</testsuite> <!-- com.Cast.Vtiger.AdvanceSearchAndSearchWithDropdownOpportunityNameDropdowncontains -->
