<?xml version="1.0" encoding="UTF-8"?>
<!-- Generated by org.testng.reporters.JUnitReportReporter -->
<testsuite hostname="LAPTOP-U3C8G3RJ" failures="0" tests="1" name="com.sdet.practice.CreateOrganization" time="61.593" errors="0" timestamp="2021-03-04T21:41:24 IST" skipped="0">
  <testcase classname="com.sdet.practice.CreateOrganization" name="createorganizationWithcontact" time="61.593"/>
  <system-out/>
</testsuite> <!-- com.sdet.practice.CreateOrganization -->
