<?xml version="1.0" encoding="UTF-8"?>
<!-- Generated by org.testng.reporters.JUnitReportReporter -->
<testsuite skipped="0" hostname="DESKTOP-UA1PGAG" name="com.sdet.practice.CreateOrgP" tests="1" failures="0" timestamp="6 Mar 2021 11:03:27 GMT" time="60.987" errors="0">
  <testcase name="createorg" time="60.987" classname="com.sdet.practice.CreateOrgP"/>
</testsuite> <!-- com.sdet.practice.CreateOrgP -->
