<?xml version="1.0" encoding="UTF-8"?>
<!-- Generated by org.testng.reporters.JUnitReportReporter -->
<testsuite skipped="0" hostname="DESKTOP-UA1PGAG" name="com.sdet.assign.Vtiger_Opportunity_TC_43" tests="1" failures="0" timestamp="8 Mar 2021 14:08:25 GMT" time="55.464" errors="0">
  <testcase name="createorganizationWithcontact" time="55.464" classname="com.sdet.assign.Vtiger_Opportunity_TC_43"/>
</testsuite> <!-- com.sdet.assign.Vtiger_Opportunity_TC_43 -->
