<?xml version="1.0" encoding="UTF-8"?>
<!-- Generated by org.testng.reporters.JUnitReportReporter -->
<testsuite skipped="0" hostname="DESKTOP-UA1PGAG" name="com.sdet.assign.Vtiger_Opportunity_TC_41" tests="1" failures="0" timestamp="8 Mar 2021 13:57:35 GMT" time="50.359" errors="0">
  <testcase name="createorganizationWithcontact" time="50.359" classname="com.sdet.assign.Vtiger_Opportunity_TC_41"/>
</testsuite> <!-- com.sdet.assign.Vtiger_Opportunity_TC_41 -->
