<?xml version="1.0" encoding="UTF-8"?>
<!-- Generated by org.testng.reporters.JUnitReportReporter -->
<testsuite skipped="0" hostname="DESKTOP-UA1PGAG" name="com.sdet.practice.CreateOrg" tests="1" failures="0" timestamp="6 Mar 2021 10:23:26 GMT" time="27.964" errors="0">
  <testcase name="createorganizationWithcontact" time="27.964" classname="com.sdet.practice.CreateOrg"/>
</testsuite> <!-- com.sdet.practice.CreateOrg -->
