<?xml version="1.0" encoding="UTF-8"?>
<!-- Generated by org.testng.reporters.JUnitReportReporter -->
<testsuite skipped="0" hostname="DESKTOP-UA1PGAG" name="com.sdet.practice.CreateContact" tests="1" failures="0" timestamp="7 Mar 2021 08:19:23 GMT" time="43.133" errors="0">
  <testcase name="createorganizationWithcontact" time="43.133" classname="com.sdet.practice.CreateContact"/>
</testsuite> <!-- com.sdet.practice.CreateContact -->
